2024-11-25 17:33:40,742 INFO: Database connection test successful
2024-11-25 17:33:41,829 INFO: Database connection test successful
2024-11-25 17:33:48,500 INFO: Fetching DAG data
2024-11-25 17:33:48,770 INFO: Retrieved 500 records
2024-11-25 17:33:48,773 INFO: Processed data for 25 subject areas
2024-11-25 17:33:48,774 INFO: Dashboard data retrieved successfully
2024-11-25 17:33:54,639 INFO: Fetching DAG data
2024-11-25 17:33:54,692 INFO: Retrieved 500 records
2024-11-25 17:33:54,692 INFO: Processed data for 25 subject areas
2024-11-25 17:33:54,692 INFO: Retrieved 9 records for status request
2024-11-25 17:33:59,620 INFO: Fetching DAG data
2024-11-25 17:33:59,654 INFO: Retrieved 500 records
2024-11-25 17:33:59,657 INFO: Processed data for 25 subject areas
2024-11-25 17:33:59,660 INFO: Retrieved 1 records for status request
2024-11-25 17:49:46,072 INFO: Database connection test successful
2024-11-25 17:49:46,766 INFO: Database connection test successful
2024-11-25 17:49:51,053 INFO: Fetching DAG data
2024-11-25 17:49:51,144 INFO: Retrieved 500 records
2024-11-25 17:49:51,145 INFO: Processed data for 25 subject areas
2024-11-25 17:49:51,147 INFO: Dashboard data retrieved successfully
2024-11-25 17:50:15,427 INFO: Fetching DAG data
2024-11-25 17:50:15,481 INFO: Retrieved 500 records
2024-11-25 17:50:15,481 INFO: Processed data for 25 subject areas
2024-11-25 17:50:15,481 INFO: Dashboard data retrieved successfully
2024-11-25 17:50:23,272 INFO: Fetching DAG data
2024-11-25 17:50:23,313 INFO: Retrieved 500 records
2024-11-25 17:50:23,316 INFO: Processed data for 25 subject areas
2024-11-25 17:50:23,317 INFO: Dashboard data retrieved successfully
2024-11-25 17:50:23,361 INFO: Fetching DAG data
2024-11-25 17:50:23,407 INFO: Retrieved 500 records
2024-11-25 17:50:23,410 INFO: Processed data for 25 subject areas
2024-11-25 17:50:23,412 INFO: Dashboard data retrieved successfully
2024-11-25 17:50:25,141 INFO: Fetching DAG data
2024-11-25 17:50:25,270 INFO: Retrieved 500 records
2024-11-25 17:50:25,272 INFO: Processed data for 25 subject areas
2024-11-25 17:50:25,273 INFO: Dashboard data retrieved successfully
2024-11-25 17:50:25,311 INFO: Fetching DAG data
2024-11-25 17:50:25,344 INFO: Retrieved 500 records
2024-11-25 17:50:25,346 INFO: Processed data for 25 subject areas
2024-11-25 17:50:25,346 INFO: Dashboard data retrieved successfully
2024-11-25 17:50:27,545 INFO: Fetching DAG data
2024-11-25 17:50:27,608 INFO: Retrieved 500 records
2024-11-25 17:50:27,610 INFO: Processed data for 25 subject areas
2024-11-25 17:50:27,612 INFO: Dashboard data retrieved successfully
2024-11-25 17:54:35,681 INFO: Fetching DAG data
2024-11-25 17:54:35,792 INFO: Retrieved 500 records
2024-11-25 17:54:35,792 INFO: Processed data for 25 subject areas
2024-11-25 17:54:35,794 INFO: Dashboard data retrieved successfully
2024-11-25 17:59:57,717 INFO: Fetching DAG data
2024-11-25 17:59:57,773 INFO: Retrieved 500 records
2024-11-25 17:59:57,775 INFO: Processed data for 25 subject areas
2024-11-25 17:59:57,775 INFO: Dashboard data retrieved successfully
2024-11-25 18:00:00,372 INFO: Fetching DAG data
2024-11-25 18:00:00,416 INFO: Retrieved 500 records
2024-11-25 18:00:00,418 INFO: Processed data for 25 subject areas
2024-11-25 18:00:00,419 INFO: Dashboard data retrieved successfully
2024-11-25 18:00:00,461 INFO: Fetching DAG data
2024-11-25 18:00:00,487 INFO: Retrieved 500 records
2024-11-25 18:00:00,488 INFO: Processed data for 25 subject areas
2024-11-25 18:00:00,489 INFO: Dashboard data retrieved successfully
2024-11-25 18:00:07,538 INFO: Fetching DAG data
2024-11-25 18:00:07,565 INFO: Retrieved 500 records
2024-11-25 18:00:07,569 INFO: Processed data for 25 subject areas
2024-11-25 18:00:07,571 INFO: Dashboard data retrieved successfully
2024-11-25 18:00:07,607 INFO: Fetching DAG data
2024-11-25 18:00:07,640 INFO: Retrieved 500 records
2024-11-25 18:00:07,641 INFO: Processed data for 25 subject areas
2024-11-25 18:00:07,642 INFO: Dashboard data retrieved successfully
2024-11-25 18:00:10,267 INFO: Fetching DAG data
2024-11-25 18:00:10,303 INFO: Retrieved 500 records
2024-11-25 18:00:10,306 INFO: Processed data for 25 subject areas
2024-11-25 18:00:10,307 INFO: Dashboard data retrieved successfully
2024-11-25 18:00:27,948 INFO: Fetching DAG data
2024-11-25 18:00:27,987 INFO: Retrieved 500 records
2024-11-25 18:00:27,989 INFO: Processed data for 25 subject areas
2024-11-25 18:00:27,990 INFO: Dashboard data retrieved successfully
2024-11-25 18:00:43,921 INFO: Fetching DAG data
2024-11-25 18:00:43,969 INFO: Retrieved 500 records
2024-11-25 18:00:43,970 INFO: Processed data for 25 subject areas
2024-11-25 18:00:43,972 INFO: Dashboard data retrieved successfully
2024-11-25 18:00:45,169 INFO: Fetching DAG data
2024-11-25 18:00:45,194 INFO: Retrieved 500 records
2024-11-25 18:00:45,198 INFO: Processed data for 25 subject areas
2024-11-25 18:00:45,200 INFO: Dashboard data retrieved successfully
2024-11-25 18:00:45,376 INFO: Fetching DAG data
2024-11-25 18:00:45,391 INFO: Retrieved 500 records
2024-11-25 18:00:45,395 INFO: Processed data for 25 subject areas
2024-11-25 18:00:45,396 INFO: Dashboard data retrieved successfully
2024-11-25 18:00:56,091 INFO: Fetching DAG data
2024-11-25 18:00:56,147 INFO: Retrieved 500 records
2024-11-25 18:00:56,149 INFO: Processed data for 25 subject areas
2024-11-25 18:00:56,151 INFO: Dashboard data retrieved successfully
2024-11-25 18:00:56,198 INFO: Fetching DAG data
2024-11-25 18:00:56,230 INFO: Retrieved 500 records
2024-11-25 18:00:56,236 INFO: Processed data for 25 subject areas
2024-11-25 18:00:56,236 INFO: Dashboard data retrieved successfully
2024-11-25 18:00:58,431 INFO: Fetching DAG data
2024-11-25 18:00:58,453 INFO: Retrieved 500 records
2024-11-25 18:00:58,454 INFO: Processed data for 25 subject areas
2024-11-25 18:00:58,455 INFO: Dashboard data retrieved successfully
2024-11-25 18:01:27,174 INFO: Database connection test successful
2024-11-25 18:01:29,711 INFO: Database connection test successful
2024-11-25 18:12:22,010 INFO: Fetching DAG data
2024-11-25 18:12:22,366 INFO: Retrieved 500 records
2024-11-25 18:12:22,368 INFO: Processed data for 25 subject areas
2024-11-25 18:12:22,368 INFO: Dashboard data retrieved successfully
2024-11-25 18:12:29,084 INFO: Fetching DAG data
2024-11-25 18:12:29,125 INFO: Retrieved 500 records
2024-11-25 18:12:29,128 INFO: Processed data for 25 subject areas
2024-11-25 18:12:29,129 INFO: Dashboard data retrieved successfully
2024-11-25 18:12:29,170 INFO: Fetching DAG data
2024-11-25 18:12:29,209 INFO: Retrieved 500 records
2024-11-25 18:12:29,213 INFO: Processed data for 25 subject areas
2024-11-25 18:12:29,215 INFO: Dashboard data retrieved successfully
2024-11-25 18:12:32,493 INFO: Fetching DAG data
2024-11-25 18:12:32,531 INFO: Retrieved 500 records
2024-11-25 18:12:32,532 INFO: Processed data for 25 subject areas
2024-11-25 18:12:32,533 INFO: Dashboard data retrieved successfully
2024-11-25 18:30:22,783 INFO: Fetching DAG data
2024-11-25 18:30:23,253 INFO: Retrieved 500 records
2024-11-25 18:30:23,255 INFO: Processed data for 25 subject areas
2024-11-25 18:30:23,256 INFO: Dashboard data retrieved successfully
2024-11-25 18:30:29,206 INFO: Fetching DAG data
2024-11-25 18:30:29,267 INFO: Retrieved 500 records
2024-11-25 18:30:29,269 INFO: Processed data for 25 subject areas
2024-11-25 18:30:29,269 INFO: Dashboard data retrieved successfully
2024-11-25 18:30:29,302 INFO: Fetching DAG data
2024-11-25 18:30:29,338 INFO: Retrieved 500 records
2024-11-25 18:30:29,340 INFO: Processed data for 25 subject areas
2024-11-25 18:30:29,341 INFO: Dashboard data retrieved successfully
2024-11-25 18:30:31,597 INFO: Fetching DAG data
2024-11-25 18:30:31,633 INFO: Retrieved 500 records
2024-11-25 18:30:31,636 INFO: Processed data for 25 subject areas
2024-11-25 18:30:31,636 INFO: Dashboard data retrieved successfully
2024-11-25 18:33:10,769 INFO: Fetching DAG data
2024-11-25 18:33:10,980 INFO: Retrieved 500 records
2024-11-25 18:33:10,983 INFO: Processed data for 25 subject areas
2024-11-25 18:33:10,984 INFO: Dashboard data retrieved successfully
2024-11-25 18:33:13,293 INFO: Fetching DAG data
2024-11-25 18:33:13,349 INFO: Retrieved 500 records
2024-11-25 18:33:13,350 INFO: Processed data for 25 subject areas
2024-11-25 18:33:13,351 INFO: Dashboard data retrieved successfully
2024-11-25 18:33:13,388 INFO: Fetching DAG data
2024-11-25 18:33:13,410 INFO: Retrieved 500 records
2024-11-25 18:33:13,412 INFO: Processed data for 25 subject areas
2024-11-25 18:33:13,413 INFO: Dashboard data retrieved successfully
2024-11-25 18:33:20,769 INFO: Fetching DAG data
2024-11-25 18:33:20,796 INFO: Retrieved 500 records
2024-11-25 18:33:20,801 INFO: Processed data for 25 subject areas
2024-11-25 18:33:20,806 INFO: Retrieved 8 records for status request
2024-11-25 18:33:24,770 INFO: Fetching DAG data
2024-11-25 18:33:24,823 INFO: Retrieved 500 records
2024-11-25 18:33:24,825 INFO: Processed data for 25 subject areas
2024-11-25 18:33:24,826 INFO: Dashboard data retrieved successfully
2024-11-25 18:33:24,869 INFO: Fetching DAG data
2024-11-25 18:33:24,911 INFO: Retrieved 500 records
2024-11-25 18:33:24,912 INFO: Processed data for 25 subject areas
2024-11-25 18:33:24,915 INFO: Dashboard data retrieved successfully
2024-11-25 18:33:32,194 INFO: Fetching DAG data
2024-11-25 18:33:32,218 INFO: Retrieved 500 records
2024-11-25 18:33:32,222 INFO: Processed data for 25 subject areas
2024-11-25 18:33:32,225 INFO: Dashboard data retrieved successfully
2024-11-25 18:33:32,293 INFO: Fetching DAG data
2024-11-25 18:33:32,324 INFO: Retrieved 500 records
2024-11-25 18:33:32,327 INFO: Processed data for 25 subject areas
2024-11-25 18:33:32,332 INFO: Dashboard data retrieved successfully
2024-11-25 18:44:28,835 INFO: Database connection test successful
